# JRE version: OpenJDK Runtime Environment (8.0_252-b09) (build 1.8.0_252-8u252-b09-1~18.04-b09)
# Java VM: OpenJDK 64-Bit Server VM (25.252-b09 mixed mode linux-amd64 compressed oops)
Heap:
 PSYoungGen      total 139264K, used 12771K [0x00000000d7100000, 0x00000000e8800000, 0x0000000100000000)
  eden space 126464K, 0% used [0x00000000d7100000,0x00000000d7100000,0x00000000dec80000)
  from space 12800K, 99% used [0x00000000dec80000,0x00000000df8f8d70,0x00000000df900000)
  to   space 16384K, 0% used [0x00000000e7800000,0x00000000e7800000,0x00000000e8800000)
 ParOldGen       total 84992K, used 15591K [0x0000000085200000, 0x000000008a500000, 0x00000000d7100000)
  object space 84992K, 18% used [0x0000000085200000,0x0000000086139f68,0x000000008a500000)
 Metaspace       used 20481K, capacity 21104K, committed 21248K, reserved 1069056K
  class space    used 2327K, capacity 2528K, committed 2560K, reserved 1048576K
GC Heap History (10 events):
Event: 0,968 GC heap after
Heap after GC invocations=3 (full 0):
 PSYoungGen      total 36864K, used 5114K [0x00000000d7100000, 0x00000000db900000, 0x0000000100000000)
  eden space 31744K, 0% used [0x00000000d7100000,0x00000000d7100000,0x00000000d9000000)
  from space 5120K, 99% used [0x00000000d9000000,0x00000000d94fe868,0x00000000d9500000)
  to   space 5120K, 0% used [0x00000000db400000,0x00000000db400000,0x00000000db900000)
 ParOldGen       total 84992K, used 1773K [0x0000000085200000, 0x000000008a500000, 0x00000000d7100000)
  object space 84992K, 2% used [0x0000000085200000,0x00000000853bb4c8,0x000000008a500000)
 Metaspace       used 13838K, capacity 13978K, committed 14208K, reserved 1060864K
  class space    used 1706K, capacity 1799K, committed 1920K, reserved 1048576K
}
Event: 1,327 GC heap before
{Heap before GC invocations=4 (full 0):
 PSYoungGen      total 36864K, used 36858K [0x00000000d7100000, 0x00000000db900000, 0x0000000100000000)
  eden space 31744K, 100% used [0x00000000d7100000,0x00000000d9000000,0x00000000d9000000)
  from space 5120K, 99% used [0x00000000d9000000,0x00000000d94fe868,0x00000000d9500000)
  to   space 5120K, 0% used [0x00000000db400000,0x00000000db400000,0x00000000db900000)
 ParOldGen       total 84992K, used 1773K [0x0000000085200000, 0x000000008a500000, 0x00000000d7100000)
  object space 84992K, 2% used [0x0000000085200000,0x00000000853bb4c8,0x000000008a500000)
 Metaspace       used 16137K, capacity 16324K, committed 16640K, reserved 1064960K
  class space    used 1933K, capacity 2036K, committed 2048K, reserved 1048576K
Event: 1,336 GC heap after
Heap after GC invocations=4 (full 0):
 PSYoungGen      total 68608K, used 5104K [0x00000000d7100000, 0x00000000db900000, 0x0000000100000000)
  eden space 63488K, 0% used [0x00000000d7100000,0x00000000d7100000,0x00000000daf00000)
  from space 5120K, 99% used [0x00000000db400000,0x00000000db8fc010,0x00000000db900000)
  to   space 5120K, 0% used [0x00000000daf00000,0x00000000daf00000,0x00000000db400000)
 ParOldGen       total 84992K, used 4979K [0x0000000085200000, 0x000000008a500000, 0x00000000d7100000)
  object space 84992K, 5% used [0x0000000085200000,0x00000000856dcd38,0x000000008a500000)
 Metaspace       used 16137K, capacity 16324K, committed 16640K, reserved 1064960K
  class space    used 1933K, capacity 2036K, committed 2048K, reserved 1048576K
}
Event: 1,772 GC heap before
{Heap before GC invocations=5 (full 0):
 PSYoungGen      total 68608K, used 68592K [0x00000000d7100000, 0x00000000db900000, 0x0000000100000000)
  eden space 63488K, 100% used [0x00000000d7100000,0x00000000daf00000,0x00000000daf00000)
  from space 5120K, 99% used [0x00000000db400000,0x00000000db8fc010,0x00000000db900000)
  to   space 5120K, 0% used [0x00000000daf00000,0x00000000daf00000,0x00000000db400000)
 ParOldGen       total 84992K, used 4979K [0x0000000085200000, 0x000000008a500000, 0x00000000d7100000)
  object space 84992K, 5% used [0x0000000085200000,0x00000000856dcd38,0x000000008a500000)
 Metaspace       used 16863K, capacity 17174K, committed 17536K, reserved 1064960K
  class space    used 1977K, capacity 2078K, committed 2176K, reserved 1048576K
Event: 1,785 GC heap after
Heap after GC invocations=5 (full 0):
 PSYoungGen      total 68608K, used 5088K [0x00000000d7100000, 0x00000000e0500000, 0x0000000100000000)
  eden space 63488K, 0% used [0x00000000d7100000,0x00000000d7100000,0x00000000daf00000)
  from space 5120K, 99% used [0x00000000daf00000,0x00000000db3f8020,0x00000000db400000)
  to   space 12288K, 0% used [0x00000000df900000,0x00000000df900000,0x00000000e0500000)
 ParOldGen       total 84992K, used 11847K [0x0000000085200000, 0x000000008a500000, 0x00000000d7100000)
  object space 84992K, 13% used [0x0000000085200000,0x0000000085d91e90,0x000000008a500000)
 Metaspace       used 16863K, capacity 17174K, committed 17536K, reserved 1064960K
  class space    used 1977K, capacity 2078K, committed 2176K, reserved 1048576K
}
Event: 2,106 GC heap before
{Heap before GC invocations=6 (full 0):
 PSYoungGen      total 68608K, used 68576K [0x00000000d7100000, 0x00000000e0500000, 0x0000000100000000)
  eden space 63488K, 100% used [0x00000000d7100000,0x00000000daf00000,0x00000000daf00000)
  from space 5120K, 99% used [0x00000000daf00000,0x00000000db3f8020,0x00000000db400000)
  to   space 12288K, 0% used [0x00000000df900000,0x00000000df900000,0x00000000e0500000)
 ParOldGen       total 84992K, used 11847K [0x0000000085200000, 0x000000008a500000, 0x00000000d7100000)
  object space 84992K, 13% used [0x0000000085200000,0x0000000085d91e90,0x000000008a500000)
 Metaspace       used 17289K, capacity 17582K, committed 17792K, reserved 1064960K
  class space    used 1995K, capacity 2082K, committed 2176K, reserved 1048576K
Event: 2,121 GC heap after
Heap after GC invocations=6 (full 0):
 PSYoungGen      total 138752K, used 9632K [0x00000000d7100000, 0x00000000e0600000, 0x0000000100000000)
  eden space 126464K, 0% used [0x00000000d7100000,0x00000000d7100000,0x00000000dec80000)
  from space 12288K, 78% used [0x00000000df900000,0x00000000e0268020,0x00000000e0500000)
  to   space 12800K, 0% used [0x00000000dec80000,0x00000000dec80000,0x00000000df900000)
 ParOldGen       total 84992K, used 11855K [0x0000000085200000, 0x000000008a500000, 0x00000000d7100000)
  object space 84992K, 13% used [0x0000000085200000,0x0000000085d93e90,0x000000008a500000)
 Metaspace       used 17289K, capacity 17582K, committed 17792K, reserved 1064960K
  class space    used 1995K, capacity 2082K, committed 2176K, reserved 1048576K
}
Event: 3,051 GC heap before
{Heap before GC invocations=7 (full 0):
 PSYoungGen      total 138752K, used 125021K [0x00000000d7100000, 0x00000000e0600000, 0x0000000100000000)
  eden space 126464K, 91% used [0x00000000d7100000,0x00000000de1af5f8,0x00000000dec80000)
  from space 12288K, 78% used [0x00000000df900000,0x00000000e0268020,0x00000000e0500000)
  to   space 12800K, 0% used [0x00000000dec80000,0x00000000dec80000,0x00000000df900000)
 ParOldGen       total 84992K, used 11855K [0x0000000085200000, 0x000000008a500000, 0x00000000d7100000)
  object space 84992K, 13% used [0x0000000085200000,0x0000000085d93e90,0x000000008a500000)
 Metaspace       used 20481K, capacity 21104K, committed 21248K, reserved 1069056K
  class space    used 2327K, capacity 2528K, committed 2560K, reserved 1048576K
Event: 3,065 GC heap after
Heap after GC invocations=7 (full 0):
 PSYoungGen      total 139264K, used 12771K [0x00000000d7100000, 0x00000000e8800000, 0x0000000100000000)
  eden space 126464K, 0% used [0x00000000d7100000,0x00000000d7100000,0x00000000dec80000)
  from space 12800K, 99% used [0x00000000dec80000,0x00000000df8f8d70,0x00000000df900000)
  to   space 16384K, 0% used [0x00000000e7800000,0x00000000e7800000,0x00000000e8800000)
 ParOldGen       total 84992K, used 15591K [0x0000000085200000, 0x000000008a500000, 0x00000000d7100000)
  object space 84992K, 18% used [0x0000000085200000,0x0000000086139f68,0x000000008a500000)
 Metaspace       used 20481K, capacity 21104K, committed 21248K, reserved 1069056K
  class space    used 2327K, capacity 2528K, committed 2560K, reserved 1048576K
}
Event: 3,065 GC heap before
{Heap before GC invocations=8 (full 1):
 PSYoungGen      total 139264K, used 12771K [0x00000000d7100000, 0x00000000e8800000, 0x0000000100000000)
  eden space 126464K, 0% used [0x00000000d7100000,0x00000000d7100000,0x00000000dec80000)
  from space 12800K, 99% used [0x00000000dec80000,0x00000000df8f8d70,0x00000000df900000)
  to   space 16384K, 0% used [0x00000000e7800000,0x00000000e7800000,0x00000000e8800000)
 ParOldGen       total 84992K, used 15591K [0x0000000085200000, 0x000000008a500000, 0x00000000d7100000)
  object space 84992K, 18% used [0x0000000085200000,0x0000000086139f68,0x000000008a500000)
 Metaspace       used 20481K, capacity 21104K, committed 21248K, reserved 1069056K
  class space    used 2327K, capacity 2528K, committed 2560K, reserved 1048576K

